[debug] [2026-01-08T02:33:25.057Z] ----------------------------------------------------------------------
[debug] [2026-01-08T02:33:25.060Z] Command:       C:\nvm4w\nodejs\node.exe C:\nvm4w\nodejs\node_modules\firebase-tools\lib\bin\firebase.js init hosting
[debug] [2026-01-08T02:33:25.060Z] CLI Version:   15.2.0
[debug] [2026-01-08T02:33:25.060Z] Platform:      win32
[debug] [2026-01-08T02:33:25.061Z] Node Version:  v24.12.0
[debug] [2026-01-08T02:33:25.061Z] Time:          Wed Jan 07 2026 18:33:25 GMT-0800 (Pacific Standard Time)
[debug] [2026-01-08T02:33:25.061Z] ----------------------------------------------------------------------
[debug] 
[debug] [2026-01-08T02:33:54.166Z] Object "" in "firebase.json" has unknown property: {"additionalProperty":"apiKey"}
[debug] [2026-01-08T02:33:54.170Z] Object "" in "firebase.json" has unknown property: {"additionalProperty":"apiKey"}
[info] 
     ######## #### ########  ######## ########     ###     ######  ########
     ##        ##  ##     ## ##       ##     ##  ##   ##  ##       ##
     ######    ##  ########  ######   ########  #########  ######  ######
     ##        ##  ##    ##  ##       ##     ## ##     ##       ## ##
     ##       #### ##     ## ######## ########  ##     ##  ######  ########

You're about to initialize a Firebase project in this directory:

  C:\Users\jmw12\Elmgrove Fitment\tire-fitment-app

Before we get started, keep in mind:

  * You are initializing within an existing Firebase project directory

[info] 
=== Project Setup
[info] 
[info] First, let's associate this project directory with a Firebase project.
[info] You can create multiple project aliases by running firebase use --add, 
[info] 
[debug] [2026-01-08T02:34:58.306Z] > command requires scopes: ["email","openid","https://www.googleapis.com/auth/cloudplatformprojects.readonly","https://www.googleapis.com/auth/firebase","https://www.googleapis.com/auth/cloud-platform"]
[debug] [2026-01-08T02:34:58.307Z] > authorizing via signed-in user (justin.wold88@gmail.com)
[debug] [2026-01-08T02:34:58.308Z] Checked if tokens are valid: true, expires at: 1767840670877
[debug] [2026-01-08T02:34:58.308Z] Checked if tokens are valid: true, expires at: 1767840670877
[debug] [2026-01-08T02:34:58.310Z] >>> [apiv2][query] GET https://firebase.googleapis.com/v1beta1/projects/elmsgrove-tire-firment [none]
[debug] [2026-01-08T02:34:58.667Z] <<< [apiv2][status] GET https://firebase.googleapis.com/v1beta1/projects/elmsgrove-tire-firment 200
[debug] [2026-01-08T02:34:58.667Z] <<< [apiv2][body] GET https://firebase.googleapis.com/v1beta1/projects/elmsgrove-tire-firment {"projectId":"elmsgrove-tire-firment","projectNumber":"841102117696","displayName":"Elmsgrove tire firment","name":"projects/elmsgrove-tire-firment","resources":{"hostingSite":"elmsgrove-tire-firment"},"state":"ACTIVE","etag":"1_5aa8cf9f-59aa-435b-8ed5-6b6bd343279a"}
[info] i  Using project elmsgrove-tire-firment (Elmsgrove tire firment) . 
[info] 
=== Hosting Setup
[debug] [2026-01-08T02:34:58.675Z] Checked if tokens are valid: true, expires at: 1767840670877
[debug] [2026-01-08T02:34:58.675Z] Checked if tokens are valid: true, expires at: 1767840670877
[debug] [2026-01-08T02:34:58.675Z] >>> [apiv2][query] GET https://firebase.googleapis.com/v1beta1/projects/elmsgrove-tire-firment [none]
[debug] [2026-01-08T02:34:58.938Z] <<< [apiv2][status] GET https://firebase.googleapis.com/v1beta1/projects/elmsgrove-tire-firment 200
[debug] [2026-01-08T02:34:58.938Z] <<< [apiv2][body] GET https://firebase.googleapis.com/v1beta1/projects/elmsgrove-tire-firment {"projectId":"elmsgrove-tire-firment","projectNumber":"841102117696","displayName":"Elmsgrove tire firment","name":"projects/elmsgrove-tire-firment","resources":{"hostingSite":"elmsgrove-tire-firment"},"state":"ACTIVE","etag":"1_5aa8cf9f-59aa-435b-8ed5-6b6bd343279a"}
[info] 
[info] Your public directory is the folder (relative to your project directory) that
[info] will contain Hosting assets to be uploaded with firebase deploy. If you
[info] have a build process for your assets, use your build's output directory.
[info] 
